<?xml version="1.0" encoding="UTF-8"?>
<testng-results skipped="0" failed="1" ignored="0" total="7" passed="6">
  <reporter-output>
  </reporter-output>
  <suite name="Default suite" duration-ms="19364" started-at="2019-05-12T11:07:45Z" finished-at="2019-05-12T11:08:05Z">
    <groups>
    </groups>
    <test name="Default test" duration-ms="19364" started-at="2019-05-12T11:07:45Z" finished-at="2019-05-12T11:08:05Z">
      <class name="test.modbus.test.testng.BinaryTest">
        <test-method status="PASS" signature="binToIntTest()[pri:0, instance:test.modbus.test.testng.BinaryTest@1c9d689]" name="binToIntTest" duration-ms="27" started-at="2019-05-12T11:07:45Z" finished-at="2019-05-12T11:07:45Z">
          <reporter-output>
          </reporter-output>
        </test-method> <!-- binToIntTest -->
        <test-method status="FAIL" signature="decimalToBin()[pri:0, instance:test.modbus.test.testng.BinaryTest@1c9d689]" name="decimalToBin" duration-ms="19195" started-at="2019-05-12T11:07:45Z" finished-at="2019-05-12T11:08:04Z">
          <exception class="java.lang.AssertionError">
            <message>
              <![CDATA[expected [1] but found []]]>
            </message>
            <full-stacktrace>
              <![CDATA[java.lang.AssertionError: expected [1] but found []
at org.testng.Assert.fail(Assert.java:96)
at org.testng.Assert.failNotEquals(Assert.java:776)
at org.testng.Assert.assertEqualsImpl(Assert.java:137)
at org.testng.Assert.assertEquals(Assert.java:118)
at org.testng.Assert.assertEquals(Assert.java:442)
at test.modbus.test.testng.BinaryTest.decimalToBin(BinaryTest.java:109)
at sun.reflect.NativeMethodAccessorImpl.invoke0(Native Method)
at sun.reflect.NativeMethodAccessorImpl.invoke(NativeMethodAccessorImpl.java:62)
at sun.reflect.DelegatingMethodAccessorImpl.invoke(DelegatingMethodAccessorImpl.java:43)
at java.lang.reflect.Method.invoke(Method.java:498)
at org.testng.internal.MethodInvocationHelper.invokeMethod(MethodInvocationHelper.java:124)
at org.testng.internal.Invoker.invokeMethod(Invoker.java:580)
at org.testng.internal.Invoker.invokeTestMethod(Invoker.java:716)
at org.testng.internal.Invoker.invokeTestMethods(Invoker.java:988)
at org.testng.internal.TestMethodWorker.invokeTestMethods(TestMethodWorker.java:125)
at org.testng.internal.TestMethodWorker.run(TestMethodWorker.java:109)
at org.testng.TestRunner.privateRun(TestRunner.java:648)
at org.testng.TestRunner.run(TestRunner.java:505)
at org.testng.SuiteRunner.runTest(SuiteRunner.java:455)
at org.testng.SuiteRunner.runSequentially(SuiteRunner.java:450)
at org.testng.SuiteRunner.privateRun(SuiteRunner.java:415)
at org.testng.SuiteRunner.run(SuiteRunner.java:364)
at org.testng.SuiteRunnerWorker.runSuite(SuiteRunnerWorker.java:52)
at org.testng.SuiteRunnerWorker.run(SuiteRunnerWorker.java:84)
at org.testng.TestNG.runSuitesSequentially(TestNG.java:1208)
at org.testng.TestNG.runSuitesLocally(TestNG.java:1137)
at org.testng.TestNG.runSuites(TestNG.java:1049)
at org.testng.TestNG.run(TestNG.java:1017)
at org.testng.remote.AbstractRemoteTestNG.run(AbstractRemoteTestNG.java:114)
at org.testng.remote.RemoteTestNG.initAndRun(RemoteTestNG.java:251)
at org.testng.remote.RemoteTestNG.main(RemoteTestNG.java:77)
]]>
            </full-stacktrace>
          </exception> <!-- java.lang.AssertionError -->
          <reporter-output>
          </reporter-output>
        </test-method> <!-- decimalToBin -->
        <test-method status="PASS" signature="getBitValueAsBooleanTest()[pri:0, instance:test.modbus.test.testng.BinaryTest@1c9d689]" name="getBitValueAsBooleanTest" duration-ms="70" started-at="2019-05-12T11:08:04Z" finished-at="2019-05-12T11:08:05Z">
          <reporter-output>
          </reporter-output>
        </test-method> <!-- getBitValueAsBooleanTest -->
        <test-method status="PASS" signature="getBitValueAsIntTest()[pri:0, instance:test.modbus.test.testng.BinaryTest@1c9d689]" name="getBitValueAsIntTest" duration-ms="2" started-at="2019-05-12T11:08:05Z" finished-at="2019-05-12T11:08:05Z">
          <reporter-output>
          </reporter-output>
        </test-method> <!-- getBitValueAsIntTest -->
        <test-method status="PASS" signature="getBitValueAsStringTest()[pri:0, instance:test.modbus.test.testng.BinaryTest@1c9d689]" name="getBitValueAsStringTest" duration-ms="1" started-at="2019-05-12T11:08:05Z" finished-at="2019-05-12T11:08:05Z">
          <reporter-output>
          </reporter-output>
        </test-method> <!-- getBitValueAsStringTest -->
        <test-method status="PASS" signature="setBitValueTest()[pri:0, instance:test.modbus.test.testng.BinaryTest@1c9d689]" name="setBitValueTest" duration-ms="3" started-at="2019-05-12T11:08:05Z" finished-at="2019-05-12T11:08:05Z">
          <reporter-output>
          </reporter-output>
        </test-method> <!-- setBitValueTest -->
        <test-method status="PASS" signature="switchBitTest()[pri:0, instance:test.modbus.test.testng.BinaryTest@1c9d689]" name="switchBitTest" duration-ms="2" started-at="2019-05-12T11:08:05Z" finished-at="2019-05-12T11:08:05Z">
          <reporter-output>
          </reporter-output>
        </test-method> <!-- switchBitTest -->
      </class> <!-- test.modbus.test.testng.BinaryTest -->
    </test> <!-- Default test -->
  </suite> <!-- Default suite -->
</testng-results>
